sample-location/build/outputs/logs/manifest-merger-dev-debug-report.txt
-- Merging decision tree log ---
manifest
ADDED from src/main/AndroidManifest.xml:2:1-47:12
	package
		ADDED from src/main/AndroidManifest.xml:4:5-44
		INJECTED from src/main/AndroidManifest.xml
		INJECTED from src/main/AndroidManifest.xml
	android:versionName
		INJECTED from src/main/AndroidManifest.xml
		INJECTED from src/main/AndroidManifest.xml
	xmlns:tools
		ADDED from src/main/AndroidManifest.xml:3:5-51
	xmlns:android
		ADDED from src/main/AndroidManifest.xml:2:11-69
	android:versionCode
		INJECTED from src/main/AndroidManifest.xml
		INJECTED from src/main/AndroidManifest.xml
uses-permission#android.permission.INTERNET
ADDED from src/main/AndroidManifest.xml:6:5-67
MERGED from [com.google.android.gms:play-services-gcm:8.4.0] AndroidManifest.xml:22:5-67
MERGED from [com.google.android.gms:play-services-measurement:8.4.0] AndroidManifest.xml:21:5-67
MERGED from [com.google.android.gms:play-services-maps:8.4.0] AndroidManifest.xml:21:5-66
	android:name
		ADDED from src/main/AndroidManifest.xml:6:22-64
uses-permission#android.permission.ACCESS_NETWORK_STATE
ADDED from src/main/AndroidManifest.xml:7:5-79
MERGED from [com.google.android.gms:play-services-measurement:8.4.0] AndroidManifest.xml:22:5-79
MERGED from [com.google.android.gms:play-services-maps:8.4.0] AndroidManifest.xml:20:5-78
	android:name
		ADDED from src/main/AndroidManifest.xml:7:22-76
uses-permission#android.permission.WRITE_EXTERNAL_STORAGE
ADDED from src/main/AndroidManifest.xml:8:5-81
	android:name
		ADDED from src/main/AndroidManifest.xml:8:22-78
uses-permission#com.google.android.providers.gsf.permission.READ_GSERVICES
ADDED from src/main/AndroidManifest.xml:9:5-98
	android:name
		ADDED from src/main/AndroidManifest.xml:9:22-95
uses-permission#android.permission.ACCESS_COARSE_LOCATION
ADDED from src/main/AndroidManifest.xml:10:5-81
	android:name
		ADDED from src/main/AndroidManifest.xml:10:22-78
uses-permission#android.permission.ACCESS_FINE_LOCATION
ADDED from src/main/AndroidManifest.xml:11:5-79
	android:name
		ADDED from src/main/AndroidManifest.xml:11:22-76
uses-feature#0x00020000
ADDED from src/main/AndroidManifest.xml:13:5-15:35
MERGED from [com.google.android.gms:play-services-maps:8.4.0] AndroidManifest.xml:22:5-24:33
	android:glEsVersion
		ADDED from src/main/AndroidManifest.xml:14:9-41
	android:required
		ADDED from src/main/AndroidManifest.xml:15:9-32
application
ADDED from src/main/AndroidManifest.xml:17:5-46:19
MERGED from [quickblox-android-sdk-master:sample-core:unspecified] AndroidManifest.xml:12:5-20
MERGED from [com.google.android.gms:play-services-gcm:8.4.0] AndroidManifest.xml:24:5-20
MERGED from [com.google.android.gms:play-services-basement:8.4.0] AndroidManifest.xml:20:5-24:19
MERGED from [com.android.support:support-v4:23.1.1] AndroidManifest.xml:22:5-20
MERGED from [com.google.android.gms:play-services-measurement:8.4.0] AndroidManifest.xml:26:5-46:19
MERGED from [com.android.support:design:23.1.1] AndroidManifest.xml:22:5-20
MERGED from [com.android.support:appcompat-v7:23.1.1] AndroidManifest.xml:22:5-20
MERGED from [com.github.johnkil.android-robototextview:robototextview:2.4.3] AndroidManifest.xml:8:5-20
MERGED from [com.google.android.gms:play-services-location:8.4.0] AndroidManifest.xml:19:5-20
MERGED from [com.google.android.gms:play-services-maps:8.4.0] AndroidManifest.xml:27:5-20
	android:label
		ADDED from src/main/AndroidManifest.xml:21:9-41
	tools:ignore
		ADDED from src/main/AndroidManifest.xml:23:9-48
	android:allowBackup
		ADDED from src/main/AndroidManifest.xml:19:9-36
	android:icon
		ADDED from src/main/AndroidManifest.xml:20:9-43
	android:theme
		ADDED from src/main/AndroidManifest.xml:22:9-40
	android:name
		ADDED from src/main/AndroidManifest.xml:18:9-28
activity#com.quickblox.sample.location.activities.SplashActivity
ADDED from src/main/AndroidManifest.xml:24:9-32:20
	android:screenOrientation
		ADDED from src/main/AndroidManifest.xml:27:13-49
	android:label
		ADDED from src/main/AndroidManifest.xml:26:13-45
	android:name
		ADDED from src/main/AndroidManifest.xml:25:13-54
intent-filter#android.intent.action.MAIN+android.intent.category.LAUNCHER
ADDED from src/main/AndroidManifest.xml:28:13-31:29
action#android.intent.action.MAIN
ADDED from src/main/AndroidManifest.xml:29:17-69
	android:name
		ADDED from src/main/AndroidManifest.xml:29:25-66
category#android.intent.category.LAUNCHER
ADDED from src/main/AndroidManifest.xml:30:17-77
	android:name
		ADDED from src/main/AndroidManifest.xml:30:27-74
activity#com.quickblox.sample.location.activities.MapActivity
ADDED from src/main/AndroidManifest.xml:33:9-36:52
	android:screenOrientation
		ADDED from src/main/AndroidManifest.xml:36:13-49
	android:label
		ADDED from src/main/AndroidManifest.xml:35:13-40
	android:name
		ADDED from src/main/AndroidManifest.xml:34:13-51
meta-data#com.google.android.gms.version
ADDED from src/main/AndroidManifest.xml:38:9-40:69
MERGED from [com.google.android.gms:play-services-basement:8.4.0] AndroidManifest.xml:21:9-23:69
	android:value
		ADDED from src/main/AndroidManifest.xml:40:13-66
	android:name
		ADDED from src/main/AndroidManifest.xml:39:13-58
meta-data#com.google.android.maps.v2.API_KEY
ADDED from src/main/AndroidManifest.xml:41:9-43:71
	android:value
		ADDED from src/main/AndroidManifest.xml:43:13-68
	android:name
		ADDED from src/main/AndroidManifest.xml:42:13-62
uses-library#com.google.android.maps
ADDED from src/main/AndroidManifest.xml:45:9-64
	android:name
		ADDED from src/main/AndroidManifest.xml:45:23-61
uses-sdk
INJECTED from src/main/AndroidManifest.xml reason: use-sdk injection requested
MERGED from [com.quickblox:quickblox-android-sdk-location:3.1.0] AndroidManifest.xml:5:5-7:41
MERGED from [com.quickblox:quickblox-android-sdk-core:3.1.0] AndroidManifest.xml:6:5-8:41
MERGED from [quickblox-android-sdk-master:sample-core:unspecified] AndroidManifest.xml:8:5-10:41
MERGED from [com.quickblox:quickblox-android-sdk-messages:3.1.0] AndroidManifest.xml:5:5-7:41
MERGED from [com.google.android.gms:play-services-gcm:8.4.0] AndroidManifest.xml:18:5-42
MERGED from [com.google.android.gms:play-services-base:8.4.0] AndroidManifest.xml:18:5-42
MERGED from [com.google.android.gms:play-services-basement:8.4.0] AndroidManifest.xml:18:5-42
MERGED from [com.android.support:support-v4:23.1.1] AndroidManifest.xml:20:5-43
MERGED from [com.google.android.gms:play-services-measurement:8.4.0] AndroidManifest.xml:18:5-42
MERGED from [com.android.support:design:23.1.1] AndroidManifest.xml:20:5-43
MERGED from [com.android.support:appcompat-v7:23.1.1] AndroidManifest.xml:20:5-43
MERGED from [com.android.support:recyclerview-v7:23.1.1] AndroidManifest.xml:20:5-43
MERGED from [com.github.johnkil.android-robototextview:robototextview:2.4.3] AndroidManifest.xml:6:5-43
MERGED from [com.google.android.gms:play-services-location:8.4.0] AndroidManifest.xml:18:5-42
MERGED from [com.google.android.gms:play-services-maps:8.4.0] AndroidManifest.xml:26:5-42
	android:targetSdkVersion
		INJECTED from src/main/AndroidManifest.xml
		INJECTED from src/main/AndroidManifest.xml
	android:minSdkVersion
		INJECTED from src/main/AndroidManifest.xml
		INJECTED from src/main/AndroidManifest.xml
uses-permission#com.google.android.c2dm.permission.RECEIVE
ADDED from [com.google.android.gms:play-services-gcm:8.4.0] AndroidManifest.xml:21:5-82
	android:name
		ADDED from [com.google.android.gms:play-services-gcm:8.4.0] AndroidManifest.xml:21:22-79
uses-permission#android.permission.WAKE_LOCK
ADDED from [com.google.android.gms:play-services-measurement:8.4.0] AndroidManifest.xml:24:5-67
	android:name
		ADDED from [com.google.android.gms:play-services-measurement:8.4.0] AndroidManifest.xml:24:22-65
provider#com.google.android.gms.measurement.AppMeasurementContentProvider
ADDED from [com.google.android.gms:play-services-measurement:8.4.0] AndroidManifest.xml:28:7-31:37
	android:authorities
		ADDED from [com.google.android.gms:play-services-measurement:8.4.0] AndroidManifest.xml:29:11-76
	android:exported
		ADDED from [com.google.android.gms:play-services-measurement:8.4.0] AndroidManifest.xml:31:11-35
	android:name
		ADDED from [com.google.android.gms:play-services-measurement:8.4.0] AndroidManifest.xml:30:11-90
receiver#com.google.android.gms.measurement.AppMeasurementReceiver
ADDED from [com.google.android.gms:play-services-measurement:8.4.0] AndroidManifest.xml:33:7-39:18
	android:enabled
		ADDED from [com.google.android.gms:play-services-measurement:8.4.0] AndroidManifest.xml:35:11-33
	android:name
		ADDED from [com.google.android.gms:play-services-measurement:8.4.0] AndroidManifest.xml:34:11-83
intent-filter#com.google.android.gms.measurement.UPLOAD
ADDED from [com.google.android.gms:play-services-measurement:8.4.0] AndroidManifest.xml:36:9-38:25
action#com.google.android.gms.measurement.UPLOAD
ADDED from [com.google.android.gms:play-services-measurement:8.4.0] AndroidManifest.xml:37:11-77
	android:name
		ADDED from [com.google.android.gms:play-services-measurement:8.4.0] AndroidManifest.xml:37:19-75
service#com.google.android.gms.measurement.AppMeasurementService
ADDED from [com.google.android.gms:play-services-measurement:8.4.0] AndroidManifest.xml:41:7-44:37
	android:enabled
		ADDED from [com.google.android.gms:play-services-measurement:8.4.0] AndroidManifest.xml:43:11-33
	android:exported
		ADDED from [com.google.android.gms:play-services-measurement:8.4.0] AndroidManifest.xml:44:11-35
	android:name
		ADDED from [com.google.android.gms:play-services-measurement:8.4.0] AndroidManifest.xml:42:11-82